09:14:41 **** Incremental Build of configuration Nios II for project memory_test ****
make all 
Info: Building ../memory_test_bsp/
C:/intelFPGA_lite/17.1/nios2eds/bin/gnu/H-x86_64-mingw32/bin/make --no-print-directory -C ../memory_test_bsp/
[BSP build complete]
Info: Compiling hello_world.c to obj/default/hello_world.o
nios2-elf-gcc -xc -MP -MMD -c -I../memory_test_bsp//HAL/inc -I../memory_test_bsp/ -I../memory_test_bsp//drivers/inc  -pipe -D__hal__ -DALT_NO_INSTRUCTION_EMULATION -DALT_SINGLE_THREADED    -O0 -g -Wall   -mno-hw-div -mhw-mul -mno-hw-mulx -mgpopt=global  -o obj/default/hello_world.o hello_world.c
hello_world.c: In function 'main':
hello_world.c:22:8: warning: unused variable 'int_ptr' [-Wunused-variable]
   int *int_ptr;
        ^
hello_world.c:19:10: warning: unused variable 'short_ptr' [-Wunused-variable]
   short *short_ptr;
          ^
hello_world.c:15:10: warning: unused variable 'char_ptr' [-Wunused-variable]
   char * char_ptr;
          ^
Info: Linking memory_test.elf
nios2-elf-g++  -T'../memory_test_bsp//linker.x' -msys-crt0='../memory_test_bsp//obj/HAL/src/crt0.o' -msys-lib=hal_bsp -L../memory_test_bsp/   -Wl,-Map=memory_test.map   -O0 -g -Wall   -mno-hw-div -mhw-mul -mno-hw-mulx -mgpopt=global  -o memory_test.elf obj/default/hello_world.o -lm -msys-lib=m
nios2-elf-insert memory_test.elf --thread_model hal --cpu_name nios2_qsys_0 --qsys true --simulation_enabled false --stderr_dev jtag_uart_0 --stdin_dev jtag_uart_0 --stdout_dev jtag_uart_0 --sopc_system_name sopc_system --quartus_project_dir "C:/Users/kevin/Desktop/3TB4/lab4" --jdi ../..//output_files/lab4.jdi --sopcinfo C:/Users/kevin/Desktop/3TB4/lab4/software/memory_test_bsp/../../sopc_system.sopcinfo
Info: (memory_test.elf) 69 KBytes program size (code + initialized data).
Info:                   52 KBytes free for stack + heap.
Info: Creating memory_test.objdump
nios2-elf-objdump --disassemble --syms --all-header --source memory_test.elf >memory_test.objdump
[memory_test build complete]
